<?xml version="1.0" encoding="UTF-8"?>
<testsuite name="org.springframework.cloud.contract.verifier.tests.ContractVerifierTest" tests="3" skipped="0" failures="0" errors="0" timestamp="2018-03-12T02:04:14" hostname="kishores-MacBook-Pro.local" time="0.627">
  <properties/>
  <testcase name="validate_propsect_delete" classname="org.springframework.cloud.contract.verifier.tests.ContractVerifierTest" time="0.539"/>
  <testcase name="validate_propsect_add" classname="org.springframework.cloud.contract.verifier.tests.ContractVerifierTest" time="0.052"/>
  <testcase name="validate_propsect_get" classname="org.springframework.cloud.contract.verifier.tests.ContractVerifierTest" time="0.032"/>
  <system-out><![CDATA[21:04:09.855 [Test worker] DEBUG org.springframework.test.context.junit4.SpringJUnit4ClassRunner - SpringJUnit4ClassRunner constructor called with [class org.springframework.cloud.contract.verifier.tests.ContractVerifierTest]
21:04:09.860 [Test worker] DEBUG org.springframework.test.context.BootstrapUtils - Instantiating CacheAwareContextLoaderDelegate from class [org.springframework.test.context.cache.DefaultCacheAwareContextLoaderDelegate]
21:04:09.868 [Test worker] DEBUG org.springframework.test.context.BootstrapUtils - Instantiating BootstrapContext using constructor [public org.springframework.test.context.support.DefaultBootstrapContext(java.lang.Class,org.springframework.test.context.CacheAwareContextLoaderDelegate)]
21:04:09.885 [Test worker] DEBUG org.springframework.test.context.BootstrapUtils - Instantiating TestContextBootstrapper for test class [org.springframework.cloud.contract.verifier.tests.ContractVerifierTest] from class [org.springframework.boot.test.context.SpringBootTestContextBootstrapper]
21:04:09.897 [Test worker] INFO org.springframework.boot.test.context.SpringBootTestContextBootstrapper - Neither @ContextConfiguration nor @ContextHierarchy found for test class [org.springframework.cloud.contract.verifier.tests.ContractVerifierTest], using SpringBootContextLoader
21:04:09.901 [Test worker] DEBUG org.springframework.test.context.support.AbstractContextLoader - Did not detect default resource location for test class [org.springframework.cloud.contract.verifier.tests.ContractVerifierTest]: class path resource [org/springframework/cloud/contract/verifier/tests/ContractVerifierTest-context.xml] does not exist
21:04:09.902 [Test worker] DEBUG org.springframework.test.context.support.AbstractContextLoader - Did not detect default resource location for test class [org.springframework.cloud.contract.verifier.tests.ContractVerifierTest]: class path resource [org/springframework/cloud/contract/verifier/tests/ContractVerifierTestContext.groovy] does not exist
21:04:09.902 [Test worker] INFO org.springframework.test.context.support.AbstractContextLoader - Could not detect default resource locations for test class [org.springframework.cloud.contract.verifier.tests.ContractVerifierTest]: no resource found for suffixes {-context.xml, Context.groovy}.
21:04:09.953 [Test worker] DEBUG org.springframework.test.context.support.ActiveProfilesUtils - Could not find an 'annotation declaring class' for annotation type [org.springframework.test.context.ActiveProfiles] and class [org.springframework.cloud.contract.verifier.tests.ContractVerifierTest]
21:04:10.135 [Test worker] DEBUG org.springframework.boot.test.context.SpringBootTestContextBootstrapper - @TestExecutionListeners is not present for class [org.springframework.cloud.contract.verifier.tests.ContractVerifierTest]: using defaults.
21:04:10.136 [Test worker] INFO org.springframework.boot.test.context.SpringBootTestContextBootstrapper - Loaded default TestExecutionListener class names from location [META-INF/spring.factories]: [org.springframework.boot.test.mock.mockito.MockitoTestExecutionListener, org.springframework.boot.test.mock.mockito.ResetMocksTestExecutionListener, org.springframework.boot.test.autoconfigure.restdocs.RestDocsTestExecutionListener, org.springframework.boot.test.autoconfigure.web.client.MockRestServiceServerResetTestExecutionListener, org.springframework.boot.test.autoconfigure.web.servlet.MockMvcPrintOnlyOnFailureTestExecutionListener, org.springframework.boot.test.autoconfigure.web.servlet.WebDriverTestExecutionListener, org.springframework.test.context.web.ServletTestExecutionListener, org.springframework.test.context.support.DirtiesContextBeforeModesTestExecutionListener, org.springframework.test.context.support.DependencyInjectionTestExecutionListener, org.springframework.test.context.support.DirtiesContextTestExecutionListener, org.springframework.test.context.transaction.TransactionalTestExecutionListener, org.springframework.test.context.jdbc.SqlScriptsTestExecutionListener]
21:04:10.252 [Test worker] INFO org.springframework.boot.test.context.SpringBootTestContextBootstrapper - Using TestExecutionListeners: [org.springframework.test.context.web.ServletTestExecutionListener@553b572, org.springframework.test.context.support.DirtiesContextBeforeModesTestExecutionListener@6364a091, org.springframework.boot.test.autoconfigure.SpringBootDependencyInjectionTestExecutionListener@127e85b5, org.springframework.test.context.support.DirtiesContextTestExecutionListener@3646c78f, org.springframework.test.context.transaction.TransactionalTestExecutionListener@2e260c10, org.springframework.test.context.jdbc.SqlScriptsTestExecutionListener@6880416d, org.springframework.boot.test.mock.mockito.MockitoTestExecutionListener@eb522e5, org.springframework.boot.test.autoconfigure.web.client.MockRestServiceServerResetTestExecutionListener@e4ff603, org.springframework.boot.test.autoconfigure.restdocs.RestDocsTestExecutionListener@10173d56, org.springframework.boot.test.autoconfigure.web.servlet.MockMvcPrintOnlyOnFailureTestExecutionListener@7a769d10, org.springframework.boot.test.autoconfigure.web.servlet.WebDriverTestExecutionListener@5df32ab1, org.springframework.boot.test.mock.mockito.ResetMocksTestExecutionListener@2c7d20e2]
21:04:10.255 [Test worker] DEBUG org.springframework.test.annotation.ProfileValueUtils - Retrieved @ProfileValueSourceConfiguration [null] for test class [org.springframework.cloud.contract.verifier.tests.ContractVerifierTest]
21:04:10.255 [Test worker] DEBUG org.springframework.test.annotation.ProfileValueUtils - Retrieved ProfileValueSource type [class org.springframework.test.annotation.SystemProfileValueSource] for class [org.springframework.cloud.contract.verifier.tests.ContractVerifierTest]
21:04:10.256 [Test worker] DEBUG org.springframework.test.annotation.ProfileValueUtils - Retrieved @ProfileValueSourceConfiguration [null] for test class [org.springframework.cloud.contract.verifier.tests.ContractVerifierTest]
21:04:10.257 [Test worker] DEBUG org.springframework.test.annotation.ProfileValueUtils - Retrieved ProfileValueSource type [class org.springframework.test.annotation.SystemProfileValueSource] for class [org.springframework.cloud.contract.verifier.tests.ContractVerifierTest]
21:04:10.262 [Test worker] DEBUG org.springframework.test.context.support.AbstractDirtiesContextTestExecutionListener - Before test class: context [DefaultTestContext@2ff27ac1 testClass = ContractVerifierTest, testInstance = [null], testMethod = [null], testException = [null], mergedContextConfiguration = [MergedContextConfiguration@74d248e6 testClass = ContractVerifierTest, locations = '{}', classes = '{class com.cloud.app.ProspectApplications, class com.cloud.app.ProspectApplications}', contextInitializerClasses = '[]', activeProfiles = '{}', propertySourceLocations = '{}', propertySourceProperties = '{org.springframework.boot.test.context.SpringBootTestContextBootstrapper=true}', contextCustomizers = set[org.springframework.boot.test.context.SpringBootTestContextCustomizer@620250bd, org.springframework.boot.test.context.filter.ExcludeFilterContextCustomizer@3383dbd7, org.springframework.boot.test.json.DuplicateJsonObjectContextCustomizerFactory$DuplicateJsonObjectContextCustomizer@483cf93b, org.springframework.boot.test.mock.mockito.MockitoContextCustomizer@0, org.springframework.boot.test.autoconfigure.properties.PropertyMappingContextCustomizer@0, org.springframework.boot.test.autoconfigure.web.servlet.WebDriverContextCustomizerFactory$Customizer@61ed312c], contextLoader = 'org.springframework.boot.test.context.SpringBootContextLoader', parent = [null]], attributes = map[[empty]]], class annotated with @DirtiesContext [false] with mode [null].
21:04:10.263 [Test worker] DEBUG org.springframework.test.annotation.ProfileValueUtils - Retrieved @ProfileValueSourceConfiguration [null] for test class [org.springframework.cloud.contract.verifier.tests.ContractVerifierTest]
21:04:10.263 [Test worker] DEBUG org.springframework.test.annotation.ProfileValueUtils - Retrieved ProfileValueSource type [class org.springframework.test.annotation.SystemProfileValueSource] for class [org.springframework.cloud.contract.verifier.tests.ContractVerifierTest]
21:04:10.265 [Test worker] DEBUG org.springframework.test.context.support.DependencyInjectionTestExecutionListener - Performing dependency injection for test context [[DefaultTestContext@2ff27ac1 testClass = ContractVerifierTest, testInstance = org.springframework.cloud.contract.verifier.tests.ContractVerifierTest@5f75711e, testMethod = [null], testException = [null], mergedContextConfiguration = [MergedContextConfiguration@74d248e6 testClass = ContractVerifierTest, locations = '{}', classes = '{class com.cloud.app.ProspectApplications, class com.cloud.app.ProspectApplications}', contextInitializerClasses = '[]', activeProfiles = '{}', propertySourceLocations = '{}', propertySourceProperties = '{org.springframework.boot.test.context.SpringBootTestContextBootstrapper=true}', contextCustomizers = set[org.springframework.boot.test.context.SpringBootTestContextCustomizer@620250bd, org.springframework.boot.test.context.filter.ExcludeFilterContextCustomizer@3383dbd7, org.springframework.boot.test.json.DuplicateJsonObjectContextCustomizerFactory$DuplicateJsonObjectContextCustomizer@483cf93b, org.springframework.boot.test.mock.mockito.MockitoContextCustomizer@0, org.springframework.boot.test.autoconfigure.properties.PropertyMappingContextCustomizer@0, org.springframework.boot.test.autoconfigure.web.servlet.WebDriverContextCustomizerFactory$Customizer@61ed312c], contextLoader = 'org.springframework.boot.test.context.SpringBootContextLoader', parent = [null]], attributes = map[[empty]]]].
21:04:10.288 [Test worker] DEBUG org.springframework.core.env.StandardEnvironment - Adding [systemProperties] PropertySource with lowest search precedence
21:04:10.289 [Test worker] DEBUG org.springframework.core.env.StandardEnvironment - Adding [systemEnvironment] PropertySource with lowest search precedence
21:04:10.289 [Test worker] DEBUG org.springframework.core.env.StandardEnvironment - Initialized StandardEnvironment with PropertySources [systemProperties,systemEnvironment]
21:04:10.295 [Test worker] DEBUG org.springframework.test.context.support.TestPropertySourceUtils - Adding inlined properties to environment: {spring.jmx.enabled=false, org.springframework.boot.test.context.SpringBootTestContextBootstrapper=true, server.port=-1}
21:04:10.295 [Test worker] DEBUG org.springframework.core.env.StandardEnvironment - Adding [Inlined Test Properties] PropertySource with highest search precedence

  .   ____          _            __ _ _
 /\\ / ___'_ __ _ _(_)_ __  __ _ \ \ \ \
( ( )\___ | '_ | '_| | '_ \/ _` | \ \ \ \
 \\/  ___)| |_)| | | | | || (_| |  ) ) ) )
  '  |____| .__|_| |_|_| |_\__, | / / / /
 =========|_|==============|___/=/_/_/_/
 :: Spring Boot ::             (v2.0.0.M3)

2018-03-11 21:04:10.555  INFO 1857 --- [    Test worker] o.s.c.c.v.tests.ContractVerifierTest     : Starting ContractVerifierTest on kishores-MacBook-Pro.local with PID 1857 (started by kishorekota in /Users/kishorekota/IdeaProjects/card-acquisitions/applications/prospects)
2018-03-11 21:04:10.557  INFO 1857 --- [    Test worker] o.s.c.c.v.tests.ContractVerifierTest     : No active profile set, falling back to default profiles: default
2018-03-11 21:04:11.045  INFO 1857 --- [    Test worker] s.c.a.AnnotationConfigApplicationContext : Refreshing org.springframework.context.annotation.AnnotationConfigApplicationContext@f8f4440: startup date [Sun Mar 11 21:04:11 CDT 2018]; root of context hierarchy
2018-03-11 21:04:11.876  INFO 1857 --- [    Test worker] o.s.i.config.IntegrationRegistrar        : No bean named 'integrationHeaderChannelRegistry' has been explicitly defined. Therefore, a default DefaultHeaderChannelRegistry will be created.
2018-03-11 21:04:11.945  INFO 1857 --- [    Test worker] o.s.b.f.s.DefaultListableBeanFactory     : Overriding bean definition for bean 'messageCollector' with a different definition: replacing [Root bean: class [null]; scope=; abstract=false; lazyInit=false; autowireMode=3; dependencyCheck=0; autowireCandidate=true; primary=true; factoryBeanName=org.springframework.cloud.contract.stubrunner.server.StreamConfiguration; factoryMethodName=messageCollector; initMethodName=null; destroyMethodName=(inferred); defined in org.springframework.cloud.contract.stubrunner.server.StreamConfiguration] with [Root bean: class [null]; scope=; abstract=false; lazyInit=false; autowireMode=3; dependencyCheck=0; autowireCandidate=true; primary=false; factoryBeanName=org.springframework.cloud.stream.test.binder.MessageCollectorAutoConfiguration; factoryMethodName=messageCollector; initMethodName=null; destroyMethodName=(inferred); defined in class path resource [org/springframework/cloud/stream/test/binder/MessageCollectorAutoConfiguration.class]]
2018-03-11 21:04:12.231  INFO 1857 --- [    Test worker] faultConfiguringBeanFactoryPostProcessor : No bean named 'errorChannel' has been explicitly defined. Therefore, a default PublishSubscribeChannel will be created.
2018-03-11 21:04:12.240  INFO 1857 --- [    Test worker] faultConfiguringBeanFactoryPostProcessor : No bean named 'taskScheduler' has been explicitly defined. Therefore, a default ThreadPoolTaskScheduler will be created.
2018-03-11 21:04:12.253  INFO 1857 --- [    Test worker] f.a.AutowiredAnnotationBeanPostProcessor : JSR-330 'javax.inject.Inject' annotation found and supported for autowiring
2018-03-11 21:04:12.464  INFO 1857 --- [    Test worker] f.a.AutowiredAnnotationBeanPostProcessor : JSR-330 'javax.inject.Inject' annotation found and supported for autowiring
2018-03-11 21:04:12.468  INFO 1857 --- [    Test worker] f.a.AutowiredAnnotationBeanPostProcessor : JSR-330 'javax.inject.Inject' annotation found and supported for autowiring
2018-03-11 21:04:12.584  INFO 1857 --- [    Test worker] o.s.c.c.s.StubDownloaderBuilderProvider  : Classpath scanning will be used due to passed propreties
2018-03-11 21:04:12.588  WARN 1857 --- [    Test worker] o.s.c.c.stubrunner.StubRunnerFactory     : No stubs to download have been passed. Most likely you have forgotten to pass them either via annotation or a property
2018-03-11 21:04:13.148  INFO 1857 --- [    Test worker] o.s.s.c.ThreadPoolTaskScheduler          : Initializing ExecutorService  'taskScheduler'
2018-03-11 21:04:13.778  INFO 1857 --- [    Test worker] f.a.AutowiredAnnotationBeanPostProcessor : JSR-330 'javax.inject.Inject' annotation found and supported for autowiring
2018-03-11 21:04:13.940  INFO 1857 --- [    Test worker] o.s.c.support.DefaultLifecycleProcessor  : Starting beans in phase 0
2018-03-11 21:04:13.941  INFO 1857 --- [    Test worker] o.s.i.endpoint.EventDrivenConsumer       : Adding {logging-channel-adapter:_org.springframework.integration.errorLogger} as a subscriber to the 'errorChannel' channel
2018-03-11 21:04:13.942  INFO 1857 --- [    Test worker] o.s.i.channel.PublishSubscribeChannel    : Channel 'application:-1.errorChannel' has 1 subscriber(s).
2018-03-11 21:04:13.943  INFO 1857 --- [    Test worker] o.s.i.endpoint.EventDrivenConsumer       : started _org.springframework.integration.errorLogger
2018-03-11 21:04:13.963  INFO 1857 --- [    Test worker] o.s.c.c.v.tests.ContractVerifierTest     : Started ContractVerifierTest in 3.664 seconds (JVM running for 4.964)
2018-03-11 21:04:14.230  INFO 1857 --- [    Test worker] s.w.s.m.m.a.RequestMappingHandlerMapping : Mapped "{[/prospects],methods=[POST]}" onto public org.springframework.http.ResponseEntity com.cloud.app.ProspectController.add(com.cloud.prospects.Propspects)
2018-03-11 21:04:14.232  INFO 1857 --- [    Test worker] s.w.s.m.m.a.RequestMappingHandlerMapping : Mapped "{[/prospects/{id}],methods=[DELETE]}" onto public org.springframework.http.ResponseEntity com.cloud.app.ProspectController.add(java.lang.String)
2018-03-11 21:04:14.233  INFO 1857 --- [    Test worker] s.w.s.m.m.a.RequestMappingHandlerMapping : Mapped "{[/getit],methods=[GET]}" onto public java.lang.String com.cloud.app.ProspectController.getIt()
2018-03-11 21:04:14.234  INFO 1857 --- [    Test worker] s.w.s.m.m.a.RequestMappingHandlerMapping : Mapped "{[/prospects/{id}],methods=[GET]}" onto public org.springframework.http.ResponseEntity com.cloud.app.ProspectController.getProspect(java.lang.String)
2018-03-11 21:04:14.263  INFO 1857 --- [    Test worker] s.w.s.m.m.a.RequestMappingHandlerAdapter : Looking for @ControllerAdvice: org.springframework.test.web.servlet.setup.StubWebApplicationContext@79755f57
2018-03-11 21:04:14.336  INFO 1857 --- [    Test worker] o.s.mock.web.MockServletContext          : Initializing Spring FrameworkServlet ''
2018-03-11 21:04:14.337  INFO 1857 --- [    Test worker] o.s.t.web.servlet.TestDispatcherServlet  : FrameworkServlet '': initialization started
2018-03-11 21:04:14.340  INFO 1857 --- [    Test worker] o.s.t.web.servlet.TestDispatcherServlet  : FrameworkServlet '': initialization completed in 3 ms
2018-03-11 21:04:14.607  INFO 1857 --- [    Test worker] s.w.s.m.m.a.RequestMappingHandlerMapping : Mapped "{[/prospects],methods=[POST]}" onto public org.springframework.http.ResponseEntity com.cloud.app.ProspectController.add(com.cloud.prospects.Propspects)
2018-03-11 21:04:14.607  INFO 1857 --- [    Test worker] s.w.s.m.m.a.RequestMappingHandlerMapping : Mapped "{[/prospects/{id}],methods=[DELETE]}" onto public org.springframework.http.ResponseEntity com.cloud.app.ProspectController.add(java.lang.String)
2018-03-11 21:04:14.608  INFO 1857 --- [    Test worker] s.w.s.m.m.a.RequestMappingHandlerMapping : Mapped "{[/getit],methods=[GET]}" onto public java.lang.String com.cloud.app.ProspectController.getIt()
2018-03-11 21:04:14.608  INFO 1857 --- [    Test worker] s.w.s.m.m.a.RequestMappingHandlerMapping : Mapped "{[/prospects/{id}],methods=[GET]}" onto public org.springframework.http.ResponseEntity com.cloud.app.ProspectController.getProspect(java.lang.String)
2018-03-11 21:04:14.625  INFO 1857 --- [    Test worker] s.w.s.m.m.a.RequestMappingHandlerAdapter : Looking for @ControllerAdvice: org.springframework.test.web.servlet.setup.StubWebApplicationContext@6bcc1a52
2018-03-11 21:04:14.635  INFO 1857 --- [    Test worker] o.s.mock.web.MockServletContext          : Initializing Spring FrameworkServlet ''
2018-03-11 21:04:14.636  INFO 1857 --- [    Test worker] o.s.t.web.servlet.TestDispatcherServlet  : FrameworkServlet '': initialization started
2018-03-11 21:04:14.637  INFO 1857 --- [    Test worker] o.s.t.web.servlet.TestDispatcherServlet  : FrameworkServlet '': initialization completed in 0 ms
Propspects(name=null, address=null, social=null, dateOfBirth=null, phone=null)2018-03-11 21:04:14.662  INFO 1857 --- [    Test worker] s.w.s.m.m.a.RequestMappingHandlerMapping : Mapped "{[/prospects],methods=[POST]}" onto public org.springframework.http.ResponseEntity com.cloud.app.ProspectController.add(com.cloud.prospects.Propspects)
2018-03-11 21:04:14.662  INFO 1857 --- [    Test worker] s.w.s.m.m.a.RequestMappingHandlerMapping : Mapped "{[/prospects/{id}],methods=[DELETE]}" onto public org.springframework.http.ResponseEntity com.cloud.app.ProspectController.add(java.lang.String)
2018-03-11 21:04:14.663  INFO 1857 --- [    Test worker] s.w.s.m.m.a.RequestMappingHandlerMapping : Mapped "{[/getit],methods=[GET]}" onto public java.lang.String com.cloud.app.ProspectController.getIt()
2018-03-11 21:04:14.664  INFO 1857 --- [    Test worker] s.w.s.m.m.a.RequestMappingHandlerMapping : Mapped "{[/prospects/{id}],methods=[GET]}" onto public org.springframework.http.ResponseEntity com.cloud.app.ProspectController.getProspect(java.lang.String)
2018-03-11 21:04:14.677  INFO 1857 --- [    Test worker] s.w.s.m.m.a.RequestMappingHandlerAdapter : Looking for @ControllerAdvice: org.springframework.test.web.servlet.setup.StubWebApplicationContext@68c93455
2018-03-11 21:04:14.681  INFO 1857 --- [    Test worker] o.s.mock.web.MockServletContext          : Initializing Spring FrameworkServlet ''
2018-03-11 21:04:14.681  INFO 1857 --- [    Test worker] o.s.t.web.servlet.TestDispatcherServlet  : FrameworkServlet '': initialization started
2018-03-11 21:04:14.681  INFO 1857 --- [    Test worker] o.s.t.web.servlet.TestDispatcherServlet  : FrameworkServlet '': initialization completed in 0 ms
test
]]></system-out>
  <system-err><![CDATA[]]></system-err>
</testsuite>
