<?xml version="1.0" encoding="UTF-8"?>
<testsuite name="org.springframework.cloud.contract.verifier.tests.ContractVerifierTest" tests="3" skipped="0" failures="0" errors="0" timestamp="2018-01-16T03:48:18" hostname="kishores-MacBook-Pro.local" time="0.763">
  <properties/>
  <testcase name="validate_propsect_delete" classname="org.springframework.cloud.contract.verifier.tests.ContractVerifierTest" time="0.679"/>
  <testcase name="validate_propsect_add" classname="org.springframework.cloud.contract.verifier.tests.ContractVerifierTest" time="0.046"/>
  <testcase name="validate_propsect_get" classname="org.springframework.cloud.contract.verifier.tests.ContractVerifierTest" time="0.031"/>
  <system-out><![CDATA[21:48:15.525 [Test worker] DEBUG org.springframework.test.context.junit4.SpringJUnit4ClassRunner - SpringJUnit4ClassRunner constructor called with [class org.springframework.cloud.contract.verifier.tests.ContractVerifierTest]
21:48:15.531 [Test worker] DEBUG org.springframework.test.context.BootstrapUtils - Instantiating CacheAwareContextLoaderDelegate from class [org.springframework.test.context.cache.DefaultCacheAwareContextLoaderDelegate]
21:48:15.541 [Test worker] DEBUG org.springframework.test.context.BootstrapUtils - Instantiating BootstrapContext using constructor [public org.springframework.test.context.support.DefaultBootstrapContext(java.lang.Class,org.springframework.test.context.CacheAwareContextLoaderDelegate)]
21:48:15.557 [Test worker] DEBUG org.springframework.test.context.BootstrapUtils - Instantiating TestContextBootstrapper for test class [org.springframework.cloud.contract.verifier.tests.ContractVerifierTest] from class [org.springframework.boot.test.context.SpringBootTestContextBootstrapper]
21:48:15.570 [Test worker] INFO org.springframework.boot.test.context.SpringBootTestContextBootstrapper - Neither @ContextConfiguration nor @ContextHierarchy found for test class [org.springframework.cloud.contract.verifier.tests.ContractVerifierTest], using SpringBootContextLoader
21:48:15.573 [Test worker] DEBUG org.springframework.test.context.support.AbstractContextLoader - Did not detect default resource location for test class [org.springframework.cloud.contract.verifier.tests.ContractVerifierTest]: class path resource [org/springframework/cloud/contract/verifier/tests/ContractVerifierTest-context.xml] does not exist
21:48:15.574 [Test worker] DEBUG org.springframework.test.context.support.AbstractContextLoader - Did not detect default resource location for test class [org.springframework.cloud.contract.verifier.tests.ContractVerifierTest]: class path resource [org/springframework/cloud/contract/verifier/tests/ContractVerifierTestContext.groovy] does not exist
21:48:15.574 [Test worker] INFO org.springframework.test.context.support.AbstractContextLoader - Could not detect default resource locations for test class [org.springframework.cloud.contract.verifier.tests.ContractVerifierTest]: no resource found for suffixes {-context.xml, Context.groovy}.
21:48:15.628 [Test worker] DEBUG org.springframework.test.context.support.ActiveProfilesUtils - Could not find an 'annotation declaring class' for annotation type [org.springframework.test.context.ActiveProfiles] and class [org.springframework.cloud.contract.verifier.tests.ContractVerifierTest]
21:48:15.795 [Test worker] DEBUG org.springframework.boot.test.context.SpringBootTestContextBootstrapper - @TestExecutionListeners is not present for class [org.springframework.cloud.contract.verifier.tests.ContractVerifierTest]: using defaults.
21:48:15.796 [Test worker] INFO org.springframework.boot.test.context.SpringBootTestContextBootstrapper - Loaded default TestExecutionListener class names from location [META-INF/spring.factories]: [org.springframework.boot.test.autoconfigure.restdocs.RestDocsTestExecutionListener, org.springframework.boot.test.autoconfigure.web.client.MockRestServiceServerResetTestExecutionListener, org.springframework.boot.test.autoconfigure.web.servlet.MockMvcPrintOnlyOnFailureTestExecutionListener, org.springframework.boot.test.autoconfigure.web.servlet.WebDriverTestExecutionListener, org.springframework.boot.test.mock.mockito.MockitoTestExecutionListener, org.springframework.boot.test.mock.mockito.ResetMocksTestExecutionListener, org.springframework.test.context.web.ServletTestExecutionListener, org.springframework.test.context.support.DirtiesContextBeforeModesTestExecutionListener, org.springframework.test.context.support.DependencyInjectionTestExecutionListener, org.springframework.test.context.support.DirtiesContextTestExecutionListener, org.springframework.test.context.transaction.TransactionalTestExecutionListener, org.springframework.test.context.jdbc.SqlScriptsTestExecutionListener]
21:48:15.807 [Test worker] INFO org.springframework.boot.test.context.SpringBootTestContextBootstrapper - Could not instantiate TestExecutionListener [org.springframework.test.context.jdbc.SqlScriptsTestExecutionListener]. Specify custom listener classes or make the default listener classes (and their required dependencies) available. Offending class: [org/springframework/transaction/interceptor/TransactionAttribute]
21:48:15.808 [Test worker] INFO org.springframework.boot.test.context.SpringBootTestContextBootstrapper - Could not instantiate TestExecutionListener [org.springframework.test.context.transaction.TransactionalTestExecutionListener]. Specify custom listener classes or make the default listener classes (and their required dependencies) available. Offending class: [org/springframework/transaction/interceptor/TransactionAttributeSource]
21:48:15.809 [Test worker] INFO org.springframework.boot.test.context.SpringBootTestContextBootstrapper - Using TestExecutionListeners: [org.springframework.test.context.web.ServletTestExecutionListener@6b867436, org.springframework.test.context.support.DirtiesContextBeforeModesTestExecutionListener@73a5e9d6, org.springframework.boot.test.autoconfigure.SpringBootDependencyInjectionTestExecutionListener@3a8e5de6, org.springframework.test.context.support.DirtiesContextTestExecutionListener@74842274, org.springframework.boot.test.autoconfigure.web.servlet.MockMvcPrintOnlyOnFailureTestExecutionListener@2c7bcf16, org.springframework.boot.test.autoconfigure.web.servlet.WebDriverTestExecutionListener@70cc6816, org.springframework.boot.test.mock.mockito.MockitoTestExecutionListener@38e57a84, org.springframework.boot.test.mock.mockito.ResetMocksTestExecutionListener@6d27786e, org.springframework.boot.test.autoconfigure.web.client.MockRestServiceServerResetTestExecutionListener@1f5619a3, org.springframework.boot.test.autoconfigure.restdocs.RestDocsTestExecutionListener@c495e87]
21:48:15.812 [Test worker] DEBUG org.springframework.test.annotation.ProfileValueUtils - Retrieved @ProfileValueSourceConfiguration [null] for test class [org.springframework.cloud.contract.verifier.tests.ContractVerifierTest]
21:48:15.813 [Test worker] DEBUG org.springframework.test.annotation.ProfileValueUtils - Retrieved ProfileValueSource type [class org.springframework.test.annotation.SystemProfileValueSource] for class [org.springframework.cloud.contract.verifier.tests.ContractVerifierTest]
21:48:15.813 [Test worker] DEBUG org.springframework.test.annotation.ProfileValueUtils - Retrieved @ProfileValueSourceConfiguration [null] for test class [org.springframework.cloud.contract.verifier.tests.ContractVerifierTest]
21:48:15.814 [Test worker] DEBUG org.springframework.test.annotation.ProfileValueUtils - Retrieved ProfileValueSource type [class org.springframework.test.annotation.SystemProfileValueSource] for class [org.springframework.cloud.contract.verifier.tests.ContractVerifierTest]
21:48:15.819 [Test worker] DEBUG org.springframework.test.context.support.AbstractDirtiesContextTestExecutionListener - Before test class: context [DefaultTestContext@1cd891a3 testClass = ContractVerifierTest, testInstance = [null], testMethod = [null], testException = [null], mergedContextConfiguration = [MergedContextConfiguration@742a6dfd testClass = ContractVerifierTest, locations = '{}', classes = '{class com.cloud.app.ProspectApplications, class com.cloud.app.ProspectApplications}', contextInitializerClasses = '[]', activeProfiles = '{}', propertySourceLocations = '{}', propertySourceProperties = '{org.springframework.boot.test.context.SpringBootTestContextBootstrapper=true}', contextCustomizers = set[org.springframework.boot.test.autoconfigure.properties.PropertyMappingContextCustomizer@0, org.springframework.boot.test.autoconfigure.web.servlet.WebDriverContextCustomizerFactory$Customizer@62b16f5a, org.springframework.boot.test.context.SpringBootTestContextCustomizer@6a069142, org.springframework.boot.test.context.filter.ExcludeFilterContextCustomizer@dc731dc, org.springframework.boot.test.json.DuplicateJsonObjectContextCustomizerFactory$DuplicateJsonObjectContextCustomizer@621eba50, org.springframework.boot.test.mock.mockito.MockitoContextCustomizer@0], contextLoader = 'org.springframework.boot.test.context.SpringBootContextLoader', parent = [null]], attributes = map[[empty]]], class annotated with @DirtiesContext [false] with mode [null].
21:48:15.819 [Test worker] DEBUG org.springframework.test.annotation.ProfileValueUtils - Retrieved @ProfileValueSourceConfiguration [null] for test class [org.springframework.cloud.contract.verifier.tests.ContractVerifierTest]
21:48:15.819 [Test worker] DEBUG org.springframework.test.annotation.ProfileValueUtils - Retrieved ProfileValueSource type [class org.springframework.test.annotation.SystemProfileValueSource] for class [org.springframework.cloud.contract.verifier.tests.ContractVerifierTest]
21:48:15.821 [Test worker] DEBUG org.springframework.test.context.support.DependencyInjectionTestExecutionListener - Performing dependency injection for test context [[DefaultTestContext@1cd891a3 testClass = ContractVerifierTest, testInstance = org.springframework.cloud.contract.verifier.tests.ContractVerifierTest@6aabe090, testMethod = [null], testException = [null], mergedContextConfiguration = [MergedContextConfiguration@742a6dfd testClass = ContractVerifierTest, locations = '{}', classes = '{class com.cloud.app.ProspectApplications, class com.cloud.app.ProspectApplications}', contextInitializerClasses = '[]', activeProfiles = '{}', propertySourceLocations = '{}', propertySourceProperties = '{org.springframework.boot.test.context.SpringBootTestContextBootstrapper=true}', contextCustomizers = set[org.springframework.boot.test.autoconfigure.properties.PropertyMappingContextCustomizer@0, org.springframework.boot.test.autoconfigure.web.servlet.WebDriverContextCustomizerFactory$Customizer@62b16f5a, org.springframework.boot.test.context.SpringBootTestContextCustomizer@6a069142, org.springframework.boot.test.context.filter.ExcludeFilterContextCustomizer@dc731dc, org.springframework.boot.test.json.DuplicateJsonObjectContextCustomizerFactory$DuplicateJsonObjectContextCustomizer@621eba50, org.springframework.boot.test.mock.mockito.MockitoContextCustomizer@0], contextLoader = 'org.springframework.boot.test.context.SpringBootContextLoader', parent = [null]], attributes = map[[empty]]]].
21:48:15.847 [Test worker] DEBUG org.springframework.core.env.StandardEnvironment - Adding [systemProperties] PropertySource with lowest search precedence
21:48:15.848 [Test worker] DEBUG org.springframework.core.env.StandardEnvironment - Adding [systemEnvironment] PropertySource with lowest search precedence
21:48:15.848 [Test worker] DEBUG org.springframework.core.env.StandardEnvironment - Initialized StandardEnvironment with PropertySources [systemProperties,systemEnvironment]
21:48:15.854 [Test worker] DEBUG org.springframework.test.context.support.TestPropertySourceUtils - Adding inlined properties to environment: {spring.jmx.enabled=false, org.springframework.boot.test.context.SpringBootTestContextBootstrapper=true, server.port=-1}
21:48:15.855 [Test worker] DEBUG org.springframework.core.env.StandardEnvironment - Adding [Inlined Test Properties] PropertySource with highest search precedence

  .   ____          _            __ _ _
 /\\ / ___'_ __ _ _(_)_ __  __ _ \ \ \ \
( ( )\___ | '_ | '_| | '_ \/ _` | \ \ \ \
 \\/  ___)| |_)| | | | | || (_| |  ) ) ) )
  '  |____| .__|_| |_|_| |_\__, | / / / /
 =========|_|==============|___/=/_/_/_/
 :: Spring Boot ::             (v2.0.0.M3)

2018-01-15 21:48:16.286  INFO 3751 --- [    Test worker] o.s.c.c.v.tests.ContractVerifierTest     : Starting ContractVerifierTest on kishores-MacBook-Pro.local with PID 3751 (started by kishorekota in /Users/kishorekota/IdeaProjects/card-acquisitions/applications/prospects)
2018-01-15 21:48:16.288  INFO 3751 --- [    Test worker] o.s.c.c.v.tests.ContractVerifierTest     : No active profile set, falling back to default profiles: default
2018-01-15 21:48:16.676  INFO 3751 --- [    Test worker] s.c.a.AnnotationConfigApplicationContext : Refreshing org.springframework.context.annotation.AnnotationConfigApplicationContext@7d5176ac: startup date [Mon Jan 15 21:48:16 CST 2018]; root of context hierarchy
2018-01-15 21:48:17.557  INFO 3751 --- [    Test worker] f.a.AutowiredAnnotationBeanPostProcessor : JSR-330 'javax.inject.Inject' annotation found and supported for autowiring
2018-01-15 21:48:18.347  INFO 3751 --- [    Test worker] o.s.c.c.v.tests.ContractVerifierTest     : Started ContractVerifierTest in 2.488 seconds (JVM running for 3.479)
2018-01-15 21:48:18.672  INFO 3751 --- [    Test worker] s.w.s.m.m.a.RequestMappingHandlerMapping : Mapped "{[/prospects],methods=[POST]}" onto public org.springframework.http.ResponseEntity com.cloud.app.ProspectController.add(com.cloud.prospects.Propspects)
2018-01-15 21:48:18.674  INFO 3751 --- [    Test worker] s.w.s.m.m.a.RequestMappingHandlerMapping : Mapped "{[/prospects/{id}],methods=[DELETE]}" onto public org.springframework.http.ResponseEntity com.cloud.app.ProspectController.add(java.lang.String)
2018-01-15 21:48:18.675  INFO 3751 --- [    Test worker] s.w.s.m.m.a.RequestMappingHandlerMapping : Mapped "{[/getit],methods=[GET]}" onto public java.lang.String com.cloud.app.ProspectController.getIt()
2018-01-15 21:48:18.675  INFO 3751 --- [    Test worker] s.w.s.m.m.a.RequestMappingHandlerMapping : Mapped "{[/prospects/{id}],methods=[GET]}" onto public org.springframework.http.ResponseEntity com.cloud.app.ProspectController.getProspect(java.lang.String)
2018-01-15 21:48:18.704  INFO 3751 --- [    Test worker] s.w.s.m.m.a.RequestMappingHandlerAdapter : Looking for @ControllerAdvice: org.springframework.test.web.servlet.setup.StubWebApplicationContext@632b0bd5
2018-01-15 21:48:18.766  INFO 3751 --- [    Test worker] o.s.mock.web.MockServletContext          : Initializing Spring FrameworkServlet ''
2018-01-15 21:48:18.767  INFO 3751 --- [    Test worker] o.s.t.web.servlet.TestDispatcherServlet  : FrameworkServlet '': initialization started
2018-01-15 21:48:18.770  INFO 3751 --- [    Test worker] o.s.t.web.servlet.TestDispatcherServlet  : FrameworkServlet '': initialization completed in 3 ms
2018-01-15 21:48:19.115  INFO 3751 --- [    Test worker] s.w.s.m.m.a.RequestMappingHandlerMapping : Mapped "{[/prospects],methods=[POST]}" onto public org.springframework.http.ResponseEntity com.cloud.app.ProspectController.add(com.cloud.prospects.Propspects)
2018-01-15 21:48:19.116  INFO 3751 --- [    Test worker] s.w.s.m.m.a.RequestMappingHandlerMapping : Mapped "{[/prospects/{id}],methods=[DELETE]}" onto public org.springframework.http.ResponseEntity com.cloud.app.ProspectController.add(java.lang.String)
2018-01-15 21:48:19.117  INFO 3751 --- [    Test worker] s.w.s.m.m.a.RequestMappingHandlerMapping : Mapped "{[/getit],methods=[GET]}" onto public java.lang.String com.cloud.app.ProspectController.getIt()
2018-01-15 21:48:19.118  INFO 3751 --- [    Test worker] s.w.s.m.m.a.RequestMappingHandlerMapping : Mapped "{[/prospects/{id}],methods=[GET]}" onto public org.springframework.http.ResponseEntity com.cloud.app.ProspectController.getProspect(java.lang.String)
2018-01-15 21:48:19.131  INFO 3751 --- [    Test worker] s.w.s.m.m.a.RequestMappingHandlerAdapter : Looking for @ControllerAdvice: org.springframework.test.web.servlet.setup.StubWebApplicationContext@48962ed2
2018-01-15 21:48:19.136  INFO 3751 --- [    Test worker] o.s.mock.web.MockServletContext          : Initializing Spring FrameworkServlet ''
2018-01-15 21:48:19.138  INFO 3751 --- [    Test worker] o.s.t.web.servlet.TestDispatcherServlet  : FrameworkServlet '': initialization started
2018-01-15 21:48:19.139  INFO 3751 --- [    Test worker] o.s.t.web.servlet.TestDispatcherServlet  : FrameworkServlet '': initialization completed in 0 ms
Propspects(name=null, address=null, social=null, dateOfBirth=null, phone=null)2018-01-15 21:48:19.163  INFO 3751 --- [    Test worker] s.w.s.m.m.a.RequestMappingHandlerMapping : Mapped "{[/prospects],methods=[POST]}" onto public org.springframework.http.ResponseEntity com.cloud.app.ProspectController.add(com.cloud.prospects.Propspects)
2018-01-15 21:48:19.164  INFO 3751 --- [    Test worker] s.w.s.m.m.a.RequestMappingHandlerMapping : Mapped "{[/prospects/{id}],methods=[DELETE]}" onto public org.springframework.http.ResponseEntity com.cloud.app.ProspectController.add(java.lang.String)
2018-01-15 21:48:19.165  INFO 3751 --- [    Test worker] s.w.s.m.m.a.RequestMappingHandlerMapping : Mapped "{[/getit],methods=[GET]}" onto public java.lang.String com.cloud.app.ProspectController.getIt()
2018-01-15 21:48:19.165  INFO 3751 --- [    Test worker] s.w.s.m.m.a.RequestMappingHandlerMapping : Mapped "{[/prospects/{id}],methods=[GET]}" onto public org.springframework.http.ResponseEntity com.cloud.app.ProspectController.getProspect(java.lang.String)
2018-01-15 21:48:19.179  INFO 3751 --- [    Test worker] s.w.s.m.m.a.RequestMappingHandlerAdapter : Looking for @ControllerAdvice: org.springframework.test.web.servlet.setup.StubWebApplicationContext@13ebd4b1
2018-01-15 21:48:19.182  INFO 3751 --- [    Test worker] o.s.mock.web.MockServletContext          : Initializing Spring FrameworkServlet ''
2018-01-15 21:48:19.183  INFO 3751 --- [    Test worker] o.s.t.web.servlet.TestDispatcherServlet  : FrameworkServlet '': initialization started
2018-01-15 21:48:19.183  INFO 3751 --- [    Test worker] o.s.t.web.servlet.TestDispatcherServlet  : FrameworkServlet '': initialization completed in 0 ms
test
]]></system-out>
  <system-err><![CDATA[]]></system-err>
</testsuite>
