<?xml version="1.0" encoding="UTF-8"?>
<testsuite name="com.example.test.JustATest" tests="1" skipped="0" failures="0" errors="0" timestamp="2018-03-12T02:04:14" hostname="kishores-MacBook-Pro.local" time="0.002">
  <properties/>
  <testcase name="test" classname="com.example.test.JustATest" time="0.002"/>
  <system-out><![CDATA[2018-03-11 21:04:14.694  INFO 1857 --- [    Test worker] o.s.t.c.s.DefaultTestContextBootstrapper : Neither @ContextConfiguration nor @ContextHierarchy found for test class [com.example.test.JustATest], using DelegatingSmartContextLoader
2018-03-11 21:04:14.696  INFO 1857 --- [    Test worker] o.s.t.c.support.AbstractContextLoader    : Could not detect default resource locations for test class [com.example.test.JustATest]: no resource found for suffixes {-context.xml, Context.groovy}.
2018-03-11 21:04:14.698  INFO 1857 --- [    Test worker] t.c.s.AnnotationConfigContextLoaderUtils : Could not detect default configuration classes for test class [com.example.test.JustATest]: JustATest does not declare any static, non-private, non-final, nested classes annotated with @Configuration.
2018-03-11 21:04:14.700  INFO 1857 --- [    Test worker] o.s.t.c.s.DefaultTestContextBootstrapper : Loaded default TestExecutionListener class names from location [META-INF/spring.factories]: [org.springframework.boot.test.mock.mockito.MockitoTestExecutionListener, org.springframework.boot.test.mock.mockito.ResetMocksTestExecutionListener, org.springframework.boot.test.autoconfigure.restdocs.RestDocsTestExecutionListener, org.springframework.boot.test.autoconfigure.web.client.MockRestServiceServerResetTestExecutionListener, org.springframework.boot.test.autoconfigure.web.servlet.MockMvcPrintOnlyOnFailureTestExecutionListener, org.springframework.boot.test.autoconfigure.web.servlet.WebDriverTestExecutionListener, org.springframework.test.context.web.ServletTestExecutionListener, org.springframework.test.context.support.DirtiesContextBeforeModesTestExecutionListener, org.springframework.test.context.support.DependencyInjectionTestExecutionListener, org.springframework.test.context.support.DirtiesContextTestExecutionListener, org.springframework.test.context.transaction.TransactionalTestExecutionListener, org.springframework.test.context.jdbc.SqlScriptsTestExecutionListener]
2018-03-11 21:04:14.701  INFO 1857 --- [    Test worker] o.s.t.c.s.DefaultTestContextBootstrapper : Using TestExecutionListeners: [org.springframework.test.context.web.ServletTestExecutionListener@2cc48a44, org.springframework.test.context.support.DirtiesContextBeforeModesTestExecutionListener@9ecb874, org.springframework.test.context.support.DependencyInjectionTestExecutionListener@6299ac0e, org.springframework.test.context.support.DirtiesContextTestExecutionListener@3e3b1d59, org.springframework.test.context.transaction.TransactionalTestExecutionListener@36a53670, org.springframework.test.context.jdbc.SqlScriptsTestExecutionListener@5ae617c8, org.springframework.boot.test.mock.mockito.MockitoTestExecutionListener@75302946, org.springframework.boot.test.autoconfigure.web.client.MockRestServiceServerResetTestExecutionListener@1387336c, org.springframework.boot.test.autoconfigure.restdocs.RestDocsTestExecutionListener@c0e81da, org.springframework.boot.test.autoconfigure.web.servlet.MockMvcPrintOnlyOnFailureTestExecutionListener@66bc8fc4, org.springframework.boot.test.autoconfigure.web.servlet.WebDriverTestExecutionListener@12b2f04c, org.springframework.boot.test.mock.mockito.ResetMocksTestExecutionListener@3804ad25]
2018-03-11 21:04:14.704  INFO 1857 --- [    Test worker] o.s.c.support.GenericApplicationContext  : Refreshing org.springframework.context.support.GenericApplicationContext@47893641: startup date [Sun Mar 11 21:04:14 CDT 2018]; root of context hierarchy
2018-03-11 21:04:14.713  INFO 1857 --- [    Test worker] f.a.AutowiredAnnotationBeanPostProcessor : JSR-330 'javax.inject.Inject' annotation found and supported for autowiring
]]></system-out>
  <system-err><![CDATA[]]></system-err>
</testsuite>
